[recarga-facil.org/index.html]
[backblue.gif]
[fade.gif]
[index.html]
[recarga-facil.org/static/css/indexc8af.css]
[recarga-facil.org/static/css/loadingSpinner.css]
[ajax.googleapis.com/ajax/libs/jquery/3.3.1/jquery.min.js]
[recarga-facil.org/static/js/jquery.maskedinput.js]
[code.getmdl.io/1.3.0/material.min.js]
[recarga-facil.org/static/js/index9d03.js]
[recarga-facil.org/static/imgs/indexSafe.png]
[recarga-facil.org/static/imgs/iconError.png]
[recarga-facil.org/static/imgs/logoTop.png]
[recarga-facil.org/static/imgs/logoOperadoras.png]
[recarga-facil.org/static/imgs/promoLogo.png]
[recarga-facil.org/static/imgs/cardsLogos.png]
[recarga-facil.org/static/imgs/cardsLogosCompact.png]
[recarga-facil.org/static/imgs/indexVerified.png]
[recarga-facil.org/static/imgs/logoBottom.png]
[recarga-facil.org/index.html]
[fonts.googleapis.com/css1543.css]
[fonts.googleapis.com/icone91f.css]
[fonts.googleapis.com/css0f7c.css]
[code.getmdl.io/1.3.0/material.indigo-pink.min.css]
[recarga-facil.org/static/css/indexc8af.css]
[recarga-facil.org/static/css/loadingSpinner.css]
